[     960ms] [LOG] [astro-mermaid] Mermaid diagrams detected on initial load @ https://takenori-kusaka.github.io/process-compass/_astro/page.CfdBVBh0.js:1
[     961ms] [LOG] [astro-mermaid] Initializing mermaid diagrams... @ https://takenori-kusaka.github.io/process-compass/_astro/page.CfdBVBh0.js:1
[     961ms] [LOG] [astro-mermaid] Found 1 mermaid diagrams @ https://takenori-kusaka.github.io/process-compass/_astro/page.CfdBVBh0.js:1
[     961ms] [LOG] [astro-mermaid] Loading mermaid.js... @ https://takenori-kusaka.github.io/process-compass/_astro/page.CfdBVBh0.js:1
[     968ms] [LOG] [astro-mermaid] Initializing mermaid diagrams... @ https://takenori-kusaka.github.io/process-compass/_astro/page.CfdBVBh0.js:1
[     968ms] [LOG] [astro-mermaid] Found 1 mermaid diagrams @ https://takenori-kusaka.github.io/process-compass/_astro/page.CfdBVBh0.js:1
[     968ms] [LOG] [astro-mermaid] Initializing mermaid diagrams... @ https://takenori-kusaka.github.io/process-compass/_astro/page.CfdBVBh0.js:1
[     968ms] [LOG] [astro-mermaid] Found 1 mermaid diagrams @ https://takenori-kusaka.github.io/process-compass/_astro/page.CfdBVBh0.js:1
[    1224ms] [LOG] [astro-mermaid] Using theme: default from html @ https://takenori-kusaka.github.io/process-compass/_astro/page.CfdBVBh0.js:1
[    1229ms] [LOG] [astro-mermaid] Rendering diagram: mermaid-b42ck0qz2 @ https://takenori-kusaka.github.io/process-compass/_astro/page.CfdBVBh0.js:1
[    1234ms] [LOG] [astro-mermaid] Using theme: default from html @ https://takenori-kusaka.github.io/process-compass/_astro/page.CfdBVBh0.js:1
[    1238ms] [LOG] [astro-mermaid] Rendering diagram: mermaid-m0jo4xud2 @ https://takenori-kusaka.github.io/process-compass/_astro/page.CfdBVBh0.js:1
[    1238ms] [LOG] [astro-mermaid] Using theme: default from html @ https://takenori-kusaka.github.io/process-compass/_astro/page.CfdBVBh0.js:1
[    1240ms] [LOG] [astro-mermaid] Rendering diagram: mermaid-gphm97k10 @ https://takenori-kusaka.github.io/process-compass/_astro/page.CfdBVBh0.js:1
[    1719ms] [LOG] [astro-mermaid] Successfully rendered diagram: mermaid-b42ck0qz2 @ https://takenori-kusaka.github.io/process-compass/_astro/page.CfdBVBh0.js:1
[    1765ms] [LOG] [astro-mermaid] Successfully rendered diagram: mermaid-m0jo4xud2 @ https://takenori-kusaka.github.io/process-compass/_astro/page.CfdBVBh0.js:1
[    1800ms] [LOG] [astro-mermaid] Successfully rendered diagram: mermaid-gphm97k10 @ https://takenori-kusaka.github.io/process-compass/_astro/page.CfdBVBh0.js:1
[   20459ms] [LOG] [astro-mermaid] No mermaid diagrams found on initial load @ https://takenori-kusaka.github.io/process-compass/_astro/page.CfdBVBh0.js:1
[   20460ms] [LOG] [astro-mermaid] Initializing mermaid diagrams... @ https://takenori-kusaka.github.io/process-compass/_astro/page.CfdBVBh0.js:1
[   20460ms] [LOG] [astro-mermaid] Found 0 mermaid diagrams @ https://takenori-kusaka.github.io/process-compass/_astro/page.CfdBVBh0.js:1
[   20461ms] [LOG] [astro-mermaid] Initializing mermaid diagrams... @ https://takenori-kusaka.github.io/process-compass/_astro/page.CfdBVBh0.js:1
[   20461ms] [LOG] [astro-mermaid] Found 0 mermaid diagrams @ https://takenori-kusaka.github.io/process-compass/_astro/page.CfdBVBh0.js:1
