[    1041ms] [LOG] [astro-mermaid] Mermaid diagrams detected on initial load @ https://takenori-kusaka.github.io/process-compass/_astro/page.CfdBVBh0.js:1
[    1041ms] [LOG] [astro-mermaid] Initializing mermaid diagrams... @ https://takenori-kusaka.github.io/process-compass/_astro/page.CfdBVBh0.js:1
[    1041ms] [LOG] [astro-mermaid] Found 1 mermaid diagrams @ https://takenori-kusaka.github.io/process-compass/_astro/page.CfdBVBh0.js:1
[    1042ms] [LOG] [astro-mermaid] Loading mermaid.js... @ https://takenori-kusaka.github.io/process-compass/_astro/page.CfdBVBh0.js:1
[    1049ms] [LOG] [astro-mermaid] Initializing mermaid diagrams... @ https://takenori-kusaka.github.io/process-compass/_astro/page.CfdBVBh0.js:1
[    1049ms] [LOG] [astro-mermaid] Found 1 mermaid diagrams @ https://takenori-kusaka.github.io/process-compass/_astro/page.CfdBVBh0.js:1
[    1049ms] [LOG] [astro-mermaid] Initializing mermaid diagrams... @ https://takenori-kusaka.github.io/process-compass/_astro/page.CfdBVBh0.js:1
[    1049ms] [LOG] [astro-mermaid] Found 1 mermaid diagrams @ https://takenori-kusaka.github.io/process-compass/_astro/page.CfdBVBh0.js:1
[    1303ms] [LOG] [astro-mermaid] Using theme: default from html @ https://takenori-kusaka.github.io/process-compass/_astro/page.CfdBVBh0.js:1
[    1307ms] [LOG] [astro-mermaid] Rendering diagram: mermaid-hkigzh4zk @ https://takenori-kusaka.github.io/process-compass/_astro/page.CfdBVBh0.js:1
[    1312ms] [LOG] [astro-mermaid] Using theme: default from html @ https://takenori-kusaka.github.io/process-compass/_astro/page.CfdBVBh0.js:1
[    1316ms] [LOG] [astro-mermaid] Rendering diagram: mermaid-f9y9i9i7f @ https://takenori-kusaka.github.io/process-compass/_astro/page.CfdBVBh0.js:1
[    1316ms] [LOG] [astro-mermaid] Using theme: default from html @ https://takenori-kusaka.github.io/process-compass/_astro/page.CfdBVBh0.js:1
[    1319ms] [LOG] [astro-mermaid] Rendering diagram: mermaid-6co8280ho @ https://takenori-kusaka.github.io/process-compass/_astro/page.CfdBVBh0.js:1
[    1819ms] [LOG] [astro-mermaid] Successfully rendered diagram: mermaid-hkigzh4zk @ https://takenori-kusaka.github.io/process-compass/_astro/page.CfdBVBh0.js:1
[    1882ms] [LOG] [astro-mermaid] Successfully rendered diagram: mermaid-f9y9i9i7f @ https://takenori-kusaka.github.io/process-compass/_astro/page.CfdBVBh0.js:1
[    1930ms] [LOG] [astro-mermaid] Successfully rendered diagram: mermaid-6co8280ho @ https://takenori-kusaka.github.io/process-compass/_astro/page.CfdBVBh0.js:1
[   14308ms] [LOG] [astro-mermaid] Mermaid diagrams detected on initial load @ https://takenori-kusaka.github.io/process-compass/_astro/page.CfdBVBh0.js:1
[   14309ms] [LOG] [astro-mermaid] Initializing mermaid diagrams... @ https://takenori-kusaka.github.io/process-compass/_astro/page.CfdBVBh0.js:1
[   14309ms] [LOG] [astro-mermaid] Found 1 mermaid diagrams @ https://takenori-kusaka.github.io/process-compass/_astro/page.CfdBVBh0.js:1
[   14309ms] [LOG] [astro-mermaid] Loading mermaid.js... @ https://takenori-kusaka.github.io/process-compass/_astro/page.CfdBVBh0.js:1
[   14316ms] [LOG] [astro-mermaid] Initializing mermaid diagrams... @ https://takenori-kusaka.github.io/process-compass/_astro/page.CfdBVBh0.js:1
[   14316ms] [LOG] [astro-mermaid] Found 1 mermaid diagrams @ https://takenori-kusaka.github.io/process-compass/_astro/page.CfdBVBh0.js:1
[   14316ms] [LOG] [astro-mermaid] Initializing mermaid diagrams... @ https://takenori-kusaka.github.io/process-compass/_astro/page.CfdBVBh0.js:1
[   14316ms] [LOG] [astro-mermaid] Found 1 mermaid diagrams @ https://takenori-kusaka.github.io/process-compass/_astro/page.CfdBVBh0.js:1
[   14358ms] [LOG] [astro-mermaid] Using theme: default from html @ https://takenori-kusaka.github.io/process-compass/_astro/page.CfdBVBh0.js:1
[   14361ms] [LOG] [astro-mermaid] Rendering diagram: mermaid-ewh1zx9ff @ https://takenori-kusaka.github.io/process-compass/_astro/page.CfdBVBh0.js:1
[   14364ms] [LOG] [astro-mermaid] Using theme: default from html @ https://takenori-kusaka.github.io/process-compass/_astro/page.CfdBVBh0.js:1
[   14367ms] [LOG] [astro-mermaid] Rendering diagram: mermaid-697wovisd @ https://takenori-kusaka.github.io/process-compass/_astro/page.CfdBVBh0.js:1
[   14367ms] [LOG] [astro-mermaid] Using theme: default from html @ https://takenori-kusaka.github.io/process-compass/_astro/page.CfdBVBh0.js:1
[   14371ms] [LOG] [astro-mermaid] Rendering diagram: mermaid-1aeyydny7 @ https://takenori-kusaka.github.io/process-compass/_astro/page.CfdBVBh0.js:1
[   14445ms] [LOG] [astro-mermaid] Successfully rendered diagram: mermaid-ewh1zx9ff @ https://takenori-kusaka.github.io/process-compass/_astro/page.CfdBVBh0.js:1
[   14479ms] [LOG] [astro-mermaid] Successfully rendered diagram: mermaid-697wovisd @ https://takenori-kusaka.github.io/process-compass/_astro/page.CfdBVBh0.js:1
[   14502ms] [LOG] [astro-mermaid] Successfully rendered diagram: mermaid-1aeyydny7 @ https://takenori-kusaka.github.io/process-compass/_astro/page.CfdBVBh0.js:1
[   20774ms] [LOG] [astro-mermaid] No mermaid diagrams found on initial load @ https://takenori-kusaka.github.io/process-compass/_astro/page.CfdBVBh0.js:1
[   20776ms] [LOG] [astro-mermaid] Initializing mermaid diagrams... @ https://takenori-kusaka.github.io/process-compass/_astro/page.CfdBVBh0.js:1
[   20776ms] [LOG] [astro-mermaid] Found 0 mermaid diagrams @ https://takenori-kusaka.github.io/process-compass/_astro/page.CfdBVBh0.js:1
[   20776ms] [LOG] [astro-mermaid] Initializing mermaid diagrams... @ https://takenori-kusaka.github.io/process-compass/_astro/page.CfdBVBh0.js:1
[   20776ms] [LOG] [astro-mermaid] Found 0 mermaid diagrams @ https://takenori-kusaka.github.io/process-compass/_astro/page.CfdBVBh0.js:1
